<?xml version="1.0" encoding="UTF-8"?>
<!-- Generated by org.testng.reporters.JUnitXMLReporter -->
<testsuite ignored="0" hostname="Pragti" failures="0" tests="6" name="Default test" time="16.353" errors="0" timestamp="2024-08-23T10:50:50 IST">
  <testcase classname="com.qa.tests.chromeoptionsTest" name="fTest" time="0.123"/>
  <testcase classname="com.qa.tests.chromeoptionsTest" name="fkk12Test" time="0.589"/>
  <testcase classname="com.qa.tests.chromeoptionsTest" name="fkk13Test" time="0.032"/>
  <testcase classname="com.qa.tests.chromeoptionsTest" name="fkk14Test" time="0.01"/>
  <testcase classname="com.qa.tests.chromeoptionsTest" name="fkkTest" time="0.027"/>
  <testcase classname="com.qa.tests.chromeoptionsTest" name="jfTest" time="0.023"/>
</testsuite> <!-- Default test -->
