<?xml version="1.0" encoding="UTF-8"?>
<!-- Generated by org.testng.reporters.JUnitXMLReporter -->
<testsuite ignored="0" hostname="Pragti" failures="0" tests="24" name="Test" time="15.471" errors="0" timestamp="2024-10-10T13:05:32 IST">
  <testcase classname="com.qa.tests.NqTest" name="@BeforeClass beforeClass" time="0.052">
    <failure type="java.lang.NullPointerException" message="Cannot invoke &amp;quot;org.openqa.selenium.WebDriver.manage()&amp;quot; because &amp;quot;this.driver&amp;quot; is null">
      <![CDATA[java.lang.NullPointerException: Cannot invoke "org.openqa.selenium.WebDriver.manage()" because "this.driver" is null
at com.qa.tests.NqTest.beforeClass(NqTest.java:98)
at java.base/java.util.ArrayList.forEach(ArrayList.java:1511)
at java.base/java.util.concurrent.FutureTask.run(FutureTask.java:264)
at java.base/java.util.concurrent.ThreadPoolExecutor.runWorker(ThreadPoolExecutor.java:1136)
at java.base/java.util.concurrent.ThreadPoolExecutor$Worker.run(ThreadPoolExecutor.java:635)
at java.base/java.lang.Thread.run(Thread.java:840)
... Removed 16 stack frames]]>
    </failure>
  </testcase> <!-- @BeforeClass beforeClass -->
  <testcase classname="com.qa.tests.NqTest" name="@AfterClass afterClass" time="-1.728545717727E9">
    <skipped/>
  </testcase> <!-- @AfterClass afterClass -->
  <testcase classname="com.qa.tests.NqTest" name="f1Test" time="0.0">
    <skipped/>
  </testcase> <!-- f1Test -->
  <testcase classname="com.qa.tests.NqTest" name="f1Test" time="0.0">
    <skipped/>
  </testcase> <!-- f1Test -->
  <testcase classname="com.qa.tests.NqTest" name="f2Test" time="0.0">
    <skipped/>
  </testcase> <!-- f2Test -->
  <testcase classname="com.qa.tests.NqTest" name="f2Test" time="0.0">
    <skipped/>
  </testcase> <!-- f2Test -->
  <testcase classname="com.qa.tests.NqTest" name="f3Test" time="0.0">
    <skipped/>
  </testcase> <!-- f3Test -->
  <testcase classname="com.qa.tests.NqTest" name="f4Test" time="0.0">
    <skipped/>
  </testcase> <!-- f4Test -->
  <testcase classname="com.qa.tests.NqTest" name="f3Test" time="0.0">
    <skipped/>
  </testcase> <!-- f3Test -->
  <testcase classname="com.qa.tests.NqTest" name="f4Test" time="0.0">
    <skipped/>
  </testcase> <!-- f4Test -->
  <testcase classname="com.qa.tests.NqTest" name="f5Test" time="0.0">
    <skipped/>
  </testcase> <!-- f5Test -->
  <testcase classname="com.qa.tests.NqTest" name="f5Test" time="0.0">
    <skipped/>
  </testcase> <!-- f5Test -->
  <testcase classname="com.qa.tests.NqTest" name="f6Test" time="0.0">
    <skipped/>
  </testcase> <!-- f6Test -->
  <testcase classname="com.qa.tests.NqTest" name="f7Test" time="0.0">
    <skipped/>
  </testcase> <!-- f7Test -->
  <testcase classname="com.qa.tests.NqTest" name="f6Test" time="0.0">
    <skipped/>
  </testcase> <!-- f6Test -->
  <testcase classname="com.qa.tests.NqTest" name="fTest" time="0.0">
    <skipped/>
  </testcase> <!-- fTest -->
  <testcase classname="com.qa.tests.NqTest" name="f7Test" time="0.0">
    <skipped/>
  </testcase> <!-- f7Test -->
  <testcase classname="com.qa.tests.NqTest" name="fTest" time="0.0">
    <skipped/>
  </testcase> <!-- fTest -->
  <testcase classname="com.qa.tests.NqTest" name="f1Test" time="0.107"/>
  <testcase classname="com.qa.tests.NqTest" name="f2Test" time="0.032"/>
  <testcase classname="com.qa.tests.NqTest" name="f3Test" time="0.045"/>
  <testcase classname="com.qa.tests.NqTest" name="f4Test" time="0.055"/>
  <testcase classname="com.qa.tests.NqTest" name="f5Test" time="0.019"/>
  <testcase classname="com.qa.tests.NqTest" name="f6Test" time="0.045"/>
  <testcase classname="com.qa.tests.NqTest" name="f7Test" time="0.225"/>
  <testcase classname="com.qa.tests.NqTest" name="fTest" time="0.188"/>
</testsuite> <!-- Test -->
