<?xml version="1.0" encoding="UTF-8"?>
<!-- Generated by org.testng.reporters.JUnitXMLReporter -->
<testsuite ignored="5" hostname="Pragti" failures="0" tests="2" name="Test" time="0.371" errors="0" timestamp="2024-09-18T17:52:24 IST">
  <testcase classname="advanceconcepts.GroupssssTest" name="ftttTest" time="0.135"/>
  <testcase classname="advanceconcepts.GroupssssTest" name="fuTest" time="0.005"/>
  <testcase classname="advanceconcepts.GroupssssTest" name="f44Test" time="0.0">
    <ignored/>
  </testcase> <!-- f44Test -->
  <testcase classname="advanceconcepts.GroupssssTest" name="f55Test" time="0.0">
    <ignored/>
  </testcase> <!-- f55Test -->
  <testcase classname="advanceconcepts.GroupssssTest" name="fuuTest" time="0.0">
    <ignored/>
  </testcase> <!-- fuuTest -->
  <testcase classname="advanceconcepts.GroupssssTest" name="fTest" time="0.0">
    <ignored/>
  </testcase> <!-- fTest -->
  <testcase classname="advanceconcepts.GroupssssTest" name="f66Test" time="0.0">
    <ignored/>
  </testcase> <!-- f66Test -->
</testsuite> <!-- Test -->
