<?xml version="1.0" encoding="UTF-8"?>
<!-- Generated by org.testng.reporters.JUnitXMLReporter -->
<testsuite ignored="0" hostname="Pragti" failures="0" tests="5" name="Test" time="39.394" errors="0" timestamp="2024-03-28T12:33:31 IST">
  <testcase classname="com.qa.tests.Loginsamplesite3Test" name="fTest" time="0.188"/>
  <testcase classname="com.qa.tests.AccountTest" name="getTest" time="1.594"/>
  <testcase classname="com.qa.tests.CartTest" name="fTest" time="1.09"/>
  <testcase classname="com.qa.tests.Loginsamplesite4Test" name="fTest" time="0.127"/>
  <testcase classname="com.qa.tests.Loginsamplesite2Test" name="fTest" time="0.117"/>
</testsuite> <!-- Test -->
