<?xml version="1.0" encoding="UTF-8"?>
<testng-results ignored="0" total="5" passed="5" failed="0" skipped="0">
  <reporter-output>
  </reporter-output>
  <suite started-at="2024-03-28T12:32:51 IST" name="Suite" finished-at="2024-03-28T12:33:31 IST" duration-ms="39394">
    <groups>
    </groups>
    <test started-at="2024-03-28T12:32:51 IST" name="Test" finished-at="2024-03-28T12:33:31 IST" duration-ms="39394">
      <class name="com.qa.tests.AccountTest">
        <test-method is-config="true" signature="beforeClass()[pri:0, instance:com.qa.tests.AccountTest@cd1e646]" started-at="2024-03-28T12:33:03 IST" name="beforeClass" finished-at="2024-03-28T12:33:09 IST" duration-ms="6702" status="PASS">
          <reporter-output>
          </reporter-output>
        </test-method> <!-- beforeClass -->
        <test-method signature="getTest()[pri:0, instance:com.qa.tests.AccountTest@cd1e646]" started-at="2024-03-28T12:33:09 IST" name="getTest" finished-at="2024-03-28T12:33:11 IST" duration-ms="1594" status="PASS">
          <reporter-output>
          </reporter-output>
        </test-method> <!-- getTest -->
        <test-method is-config="true" signature="afterClass()[pri:0, instance:com.qa.tests.AccountTest@cd1e646]" started-at="2024-03-28T12:33:11 IST" name="afterClass" finished-at="2024-03-28T12:33:11 IST" duration-ms="279" status="PASS">
          <reporter-output>
          </reporter-output>
        </test-method> <!-- afterClass -->
      </class> <!-- com.qa.tests.AccountTest -->
      <class name="com.qa.tests.Loginsamplesite4Test">
        <test-method is-config="true" signature="beforeClass()[pri:0, instance:com.qa.tests.Loginsamplesite4Test@1890516e]" started-at="2024-03-28T12:33:19 IST" name="beforeClass" finished-at="2024-03-28T12:33:24 IST" duration-ms="5492" status="PASS">
          <reporter-output>
          </reporter-output>
        </test-method> <!-- beforeClass -->
        <test-method signature="fTest()[pri:0, instance:com.qa.tests.Loginsamplesite4Test@1890516e]" started-at="2024-03-28T12:33:24 IST" name="fTest" finished-at="2024-03-28T12:33:25 IST" duration-ms="127" status="PASS">
          <reporter-output>
          </reporter-output>
        </test-method> <!-- fTest -->
        <test-method is-config="true" signature="afterClass()[pri:0, instance:com.qa.tests.Loginsamplesite4Test@1890516e]" started-at="2024-03-28T12:33:25 IST" name="afterClass" finished-at="2024-03-28T12:33:25 IST" duration-ms="402" status="PASS">
          <reporter-output>
          </reporter-output>
        </test-method> <!-- afterClass -->
      </class> <!-- com.qa.tests.Loginsamplesite4Test -->
      <class name="com.qa.tests.Loginsamplesite3Test">
        <test-method is-config="true" signature="beforeClass()[pri:0, instance:com.qa.tests.Loginsamplesite3Test@93081b6]" started-at="2024-03-28T12:32:51 IST" name="beforeClass" finished-at="2024-03-28T12:33:02 IST" duration-ms="10730" status="PASS">
          <reporter-output>
          </reporter-output>
        </test-method> <!-- beforeClass -->
        <test-method signature="fTest()[pri:0, instance:com.qa.tests.Loginsamplesite3Test@93081b6]" started-at="2024-03-28T12:33:02 IST" name="fTest" finished-at="2024-03-28T12:33:02 IST" duration-ms="188" status="PASS">
          <reporter-output>
          </reporter-output>
        </test-method> <!-- fTest -->
        <test-method is-config="true" signature="afterClass()[pri:0, instance:com.qa.tests.Loginsamplesite3Test@93081b6]" started-at="2024-03-28T12:33:02 IST" name="afterClass" finished-at="2024-03-28T12:33:03 IST" duration-ms="438" status="PASS">
          <reporter-output>
          </reporter-output>
        </test-method> <!-- afterClass -->
      </class> <!-- com.qa.tests.Loginsamplesite3Test -->
      <class name="com.qa.tests.Loginsamplesite2Test">
        <test-method is-config="true" signature="beforeClass()[pri:0, instance:com.qa.tests.Loginsamplesite2Test@15a04efb]" started-at="2024-03-28T12:33:25 IST" name="beforeClass" finished-at="2024-03-28T12:33:30 IST" duration-ms="5212" status="PASS">
          <reporter-output>
          </reporter-output>
        </test-method> <!-- beforeClass -->
        <test-method signature="fTest()[pri:0, instance:com.qa.tests.Loginsamplesite2Test@15a04efb]" started-at="2024-03-28T12:33:30 IST" name="fTest" finished-at="2024-03-28T12:33:30 IST" duration-ms="117" status="PASS">
          <reporter-output>
          </reporter-output>
        </test-method> <!-- fTest -->
        <test-method is-config="true" signature="afterClass()[pri:0, instance:com.qa.tests.Loginsamplesite2Test@15a04efb]" started-at="2024-03-28T12:33:30 IST" name="afterClass" finished-at="2024-03-28T12:33:31 IST" duration-ms="203" status="PASS">
          <reporter-output>
          </reporter-output>
        </test-method> <!-- afterClass -->
      </class> <!-- com.qa.tests.Loginsamplesite2Test -->
      <class name="com.qa.tests.CartTest">
        <test-method is-config="true" signature="beforeClass()[pri:0, instance:com.qa.tests.CartTest@7ba8c737]" started-at="2024-03-28T12:33:11 IST" name="beforeClass" finished-at="2024-03-28T12:33:18 IST" duration-ms="6275" status="PASS">
          <reporter-output>
          </reporter-output>
        </test-method> <!-- beforeClass -->
        <test-method signature="fTest()[pri:0, instance:com.qa.tests.CartTest@7ba8c737]" started-at="2024-03-28T12:33:18 IST" name="fTest" finished-at="2024-03-28T12:33:19 IST" duration-ms="1090" status="PASS">
          <reporter-output>
          </reporter-output>
        </test-method> <!-- fTest -->
        <test-method is-config="true" signature="afterClass()[pri:0, instance:com.qa.tests.CartTest@7ba8c737]" started-at="2024-03-28T12:33:19 IST" name="afterClass" finished-at="2024-03-28T12:33:19 IST" duration-ms="206" status="PASS">
          <reporter-output>
          </reporter-output>
        </test-method> <!-- afterClass -->
      </class> <!-- com.qa.tests.CartTest -->
    </test> <!-- Test -->
  </suite> <!-- Suite -->
</testng-results>
