<?xml version="1.0" encoding="UTF-8"?>
<testng-results ignored="0" total="4" passed="4" failed="0" skipped="0">
  <reporter-output>
  </reporter-output>
  <suite started-at="2024-10-01T16:11:57 IST" name="Default suite" finished-at="2024-10-01T16:12:33 IST" duration-ms="35532">
    <groups>
    </groups>
    <test started-at="2024-10-01T16:11:57 IST" name="Default test" finished-at="2024-10-01T16:12:33 IST" duration-ms="35532">
      <class name="com.qa.tests.chromeoptionsTest">
        <test-method is-config="true" signature="beforeClass()[pri:0, instance:com.qa.tests.chromeoptionsTest@3561c410]" started-at="2024-10-01T16:11:57 IST" name="beforeClass" finished-at="2024-10-01T16:12:29 IST" duration-ms="31927" status="PASS">
          <reporter-output>
          </reporter-output>
        </test-method> <!-- beforeClass -->
        <test-method signature="fTest()[pri:0, instance:com.qa.tests.chromeoptionsTest@3561c410]" started-at="2024-10-01T16:12:29 IST" name="fTest" finished-at="2024-10-01T16:12:30 IST" duration-ms="1048" status="PASS">
          <reporter-output>
          </reporter-output>
        </test-method> <!-- fTest -->
        <test-method signature="fkk14ttTest()[pri:0, instance:com.qa.tests.chromeoptionsTest@3561c410]" started-at="2024-10-01T16:12:31 IST" name="fkk14ttTest" finished-at="2024-10-01T16:12:31 IST" duration-ms="35" status="PASS">
          <reporter-output>
          </reporter-output>
        </test-method> <!-- fkk14ttTest -->
        <test-method signature="fkk14yTest()[pri:0, instance:com.qa.tests.chromeoptionsTest@3561c410]" started-at="2024-10-01T16:12:31 IST" name="fkk14yTest" finished-at="2024-10-01T16:12:31 IST" duration-ms="19" status="PASS">
          <reporter-output>
          </reporter-output>
        </test-method> <!-- fkk14yTest -->
        <test-method signature="jfTest()[pri:0, instance:com.qa.tests.chromeoptionsTest@3561c410]" started-at="2024-10-01T16:12:31 IST" name="jfTest" finished-at="2024-10-01T16:12:31 IST" duration-ms="249" status="PASS">
          <reporter-output>
          </reporter-output>
        </test-method> <!-- jfTest -->
        <test-method is-config="true" signature="afterClass()[pri:0, instance:com.qa.tests.chromeoptionsTest@3561c410]" started-at="2024-10-01T16:12:31 IST" name="afterClass" finished-at="2024-10-01T16:12:33 IST" duration-ms="1787" status="PASS">
          <reporter-output>
          </reporter-output>
        </test-method> <!-- afterClass -->
      </class> <!-- com.qa.tests.chromeoptionsTest -->
    </test> <!-- Default test -->
  </suite> <!-- Default suite -->
</testng-results>
