<?xml version="1.0" encoding="UTF-8"?>
<testng-results ignored="0" total="4" passed="4" failed="0" skipped="0">
  <reporter-output>
  </reporter-output>
  <suite started-at="2024-12-09T12:42:30 IST" name="Default suite" finished-at="2024-12-09T12:43:54 IST" duration-ms="83915">
    <groups>
    </groups>
    <test started-at="2024-12-09T12:42:30 IST" name="Default test" finished-at="2024-12-09T12:43:54 IST" duration-ms="83915">
      <class name="com.qa.tests.StratbeansTest">
        <test-method is-config="true" signature="beforeClass()[pri:0, instance:com.qa.tests.StratbeansTest@436c81a3]" started-at="2024-12-09T12:42:30 IST" name="beforeClass" finished-at="2024-12-09T12:42:40 IST" duration-ms="9873" status="PASS">
          <reporter-output>
          </reporter-output>
        </test-method> <!-- beforeClass -->
        <test-method signature="urlTest()[pri:0, instance:com.qa.tests.StratbeansTest@436c81a3]" started-at="2024-12-09T12:42:40 IST" name="urlTest" finished-at="2024-12-09T12:42:40 IST" duration-ms="143" status="PASS">
          <reporter-output>
          </reporter-output>
        </test-method> <!-- urlTest -->
        <test-method signature="titleTest()[pri:1, instance:com.qa.tests.StratbeansTest@436c81a3]" started-at="2024-12-09T12:42:40 IST" name="titleTest" finished-at="2024-12-09T12:42:40 IST" duration-ms="16" status="PASS">
          <reporter-output>
          </reporter-output>
        </test-method> <!-- titleTest -->
        <test-method signature="brokenlinksTest()[pri:2, instance:com.qa.tests.StratbeansTest@436c81a3]" started-at="2024-12-09T12:42:40 IST" name="brokenlinksTest" finished-at="2024-12-09T12:43:40 IST" duration-ms="59573" status="PASS">
          <reporter-output>
          </reporter-output>
        </test-method> <!-- brokenlinksTest -->
        <test-method signature="brokenimagesTest()[pri:3, instance:com.qa.tests.StratbeansTest@436c81a3]" started-at="2024-12-09T12:43:40 IST" name="brokenimagesTest" finished-at="2024-12-09T12:43:53 IST" duration-ms="13490" status="PASS">
          <reporter-output>
          </reporter-output>
        </test-method> <!-- brokenimagesTest -->
        <test-method is-config="true" signature="afterClass()[pri:0, instance:com.qa.tests.StratbeansTest@436c81a3]" started-at="2024-12-09T12:43:53 IST" name="afterClass" finished-at="2024-12-09T12:43:54 IST" duration-ms="547" status="PASS">
          <reporter-output>
          </reporter-output>
        </test-method> <!-- afterClass -->
      </class> <!-- com.qa.tests.StratbeansTest -->
    </test> <!-- Default test -->
  </suite> <!-- Default suite -->
</testng-results>
